<?xml version="1.0" encoding="UTF-8"?>
<!-- Generated by org.testng.reporters.JUnitReportReporter -->
<testsuite hostname="DESKTOP-HE98H6O" failures="0" tests="4" name="testpkg.Logintestdemo" time="49.936" errors="0" timestamp="2024-05-01T21:19:33 IST" skipped="0">
  <testcase classname="testpkg.Logintestdemo" name="verifyLoginWithValidCred" time="3.637"/>
  <testcase classname="testpkg.Logintestdemo" name="addtocarttest" time="15.285"/>
  <testcase classname="testpkg.Logintestdemo" name="informationvaluestest" time="10.573"/>
  <testcase classname="testpkg.Logintestdemo" name="logouttest" time="20.441"/>
</testsuite> <!-- testpkg.Logintestdemo -->
